This file contains any messages produced by compilers while
running configure, to aid debugging if configure makes a mistake.

It was created by libisal configure 2.30.0, which was
generated by GNU Autoconf 2.69.  Invocation command line was

  $ ./configure 

## --------- ##
## Platform. ##
## --------- ##

hostname = sl-System-Product-Name
uname -m = x86_64
uname -r = 5.11.0-43-generic
uname -s = Linux
uname -v = #47~20.04.2-Ubuntu SMP Mon Dec 13 11:06:56 UTC 2021

/usr/bin/uname -p = x86_64
/bin/uname -X     = unknown

/bin/arch              = x86_64
/usr/bin/arch -k       = unknown
/usr/convex/getsysinfo = unknown
/usr/bin/hostinfo      = unknown
/bin/machine           = unknown
/usr/bin/oslevel       = unknown
/bin/universe          = unknown

PATH: /home/lzx/.vscode-server/bin/b5205cc8eb4fbaa726835538cd82372cc0222d43/bin/remote-cli
PATH: /usr/local/sbin
PATH: /usr/local/bin
PATH: /usr/sbin
PATH: /usr/bin
PATH: /sbin
PATH: /bin
PATH: /usr/games
PATH: /usr/local/games
PATH: /snap/bin


## ----------- ##
## Core tests. ##
## ----------- ##

configure:2413: checking for a BSD-compatible install
configure:2481: result: /usr/bin/install -c
configure:2492: checking whether build environment is sane
configure:2547: result: yes
configure:2696: checking for a thread-safe mkdir -p
configure:2735: result: /usr/bin/mkdir -p
configure:2742: checking for gawk
configure:2772: result: no
configure:2742: checking for mawk
configure:2758: found /usr/bin/mawk
configure:2769: result: mawk
configure:2780: checking whether make sets $(MAKE)
configure:2802: result: yes
configure:2831: checking whether make supports nested variables
configure:2848: result: yes
configure:2927: checking how to create a pax tar archive
configure:2938: tar --version
tar (GNU tar) 1.30
Copyright (C) 2017 Free Software Foundation, Inc.
License GPLv3+: GNU GPL version 3 or later <https://gnu.org/licenses/gpl.html>.
This is free software: you are free to change and redistribute it.
There is NO WARRANTY, to the extent permitted by law.

Written by John Gilmore and Jay Fenlason.
configure:2941: $? = 0
configure:2981: tardir=conftest.dir && eval tar --format=posix -chf - "$tardir" >conftest.tar
configure:2984: $? = 0
configure:2988: tar -xf - <conftest.tar
configure:2991: $? = 0
configure:2993: cat conftest.dir/file
GrepMe
configure:2996: $? = 0
configure:3009: result: gnutar
configure:3063: checking whether make supports the include directive
configure:3078: make -f confmf.GNU && cat confinc.out
this is the am__doit target
configure:3081: $? = 0
configure:3100: result: yes (GNU style)
configure:3170: checking for gcc
configure:3186: found /usr/bin/gcc
configure:3197: result: gcc
configure:3426: checking for C compiler version
configure:3435: gcc --version >&5
gcc (Ubuntu 9.4.0-1ubuntu1~20.04) 9.4.0
Copyright (C) 2019 Free Software Foundation, Inc.
This is free software; see the source for copying conditions.  There is NO
warranty; not even for MERCHANTABILITY or FITNESS FOR A PARTICULAR PURPOSE.

configure:3446: $? = 0
configure:3435: gcc -v >&5
Using built-in specs.
COLLECT_GCC=gcc
COLLECT_LTO_WRAPPER=/usr/lib/gcc/x86_64-linux-gnu/9/lto-wrapper
OFFLOAD_TARGET_NAMES=nvptx-none:hsa
OFFLOAD_TARGET_DEFAULT=1
Target: x86_64-linux-gnu
Configured with: ../src/configure -v --with-pkgversion='Ubuntu 9.4.0-1ubuntu1~20.04' --with-bugurl=file:///usr/share/doc/gcc-9/README.Bugs --enable-languages=c,ada,c++,go,brig,d,fortran,objc,obj-c++,gm2 --prefix=/usr --with-gcc-major-version-only --program-suffix=-9 --program-prefix=x86_64-linux-gnu- --enable-shared --enable-linker-build-id --libexecdir=/usr/lib --without-included-gettext --enable-threads=posix --libdir=/usr/lib --enable-nls --enable-clocale=gnu --enable-libstdcxx-debug --enable-libstdcxx-time=yes --with-default-libstdcxx-abi=new --enable-gnu-unique-object --disable-vtable-verify --enable-plugin --enable-default-pie --with-system-zlib --with-target-system-zlib=auto --enable-objc-gc=auto --enable-multiarch --disable-werror --with-arch-32=i686 --with-abi=m64 --with-multilib-list=m32,m64,mx32 --enable-multilib --with-tune=generic --enable-offload-targets=nvptx-none=/build/gcc-9-yTrUTS/gcc-9-9.4.0/debian/tmp-nvptx/usr,hsa --without-cuda-driver --enable-checking=release --build=x86_64-linux-gnu --host=x86_64-linux-gnu --target=x86_64-linux-gnu
Thread model: posix
gcc version 9.4.0 (Ubuntu 9.4.0-1ubuntu1~20.04) 
configure:3446: $? = 0
configure:3435: gcc -V >&5
gcc: error: unrecognized command line option '-V'
gcc: fatal error: no input files
compilation terminated.
configure:3446: $? = 1
configure:3435: gcc -qversion >&5
gcc: error: unrecognized command line option '-qversion'; did you mean '--version'?
gcc: fatal error: no input files
compilation terminated.
configure:3446: $? = 1
configure:3466: checking whether the C compiler works
configure:3488: gcc    conftest.c  >&5
configure:3492: $? = 0
configure:3540: result: yes
configure:3543: checking for C compiler default output file name
configure:3545: result: a.out
configure:3551: checking for suffix of executables
configure:3558: gcc -o conftest    conftest.c  >&5
configure:3562: $? = 0
configure:3584: result: 
configure:3606: checking whether we are cross compiling
configure:3614: gcc -o conftest    conftest.c  >&5
configure:3618: $? = 0
configure:3625: ./conftest
configure:3629: $? = 0
configure:3617: result: no
configure:3622: checking for suffix of object files
configure:3644: gcc -c   conftest.c >&5
configure:3648: $? = 0
configure:3669: result: o
configure:3673: checking whether we are using the GNU C compiler
configure:3692: gcc -c   conftest.c >&5
configure:3692: $? = 0
configure:3701: result: yes
configure:3710: checking whether gcc accepts -g
configure:3730: gcc -c -g  conftest.c >&5
configure:3730: $? = 0
configure:3771: result: yes
configure:3788: checking for gcc option to accept ISO C89
configure:3851: gcc  -c -g -O2  conftest.c >&5
configure:3851: $? = 0
configure:3864: result: none needed
configure:3889: checking whether gcc understands -c and -o together
configure:3911: gcc -c conftest.c -o conftest2.o
configure:3914: $? = 0
configure:3911: gcc -c conftest.c -o conftest2.o
configure:3914: $? = 0
configure:3926: result: yes
configure:3945: checking dependency style of gcc
configure:4056: result: gcc3
configure:4080: checking dependency style of gcc
configure:4189: result: gcc3
configure:4209: checking build system type
configure:4223: result: x86_64-pc-linux-gnu
configure:4243: checking host system type
configure:4256: result: x86_64-pc-linux-gnu
configure:4351: checking for gcc option to accept ISO C99
configure:4500: gcc  -c -g -O2  conftest.c >&5
configure:4500: $? = 0
configure:4513: result: none needed
configure:4621: checking for gcc option to accept ISO Standard C
configure:4632: result: none needed
configure:4639: checking for a sed that does not truncate output
configure:4703: result: /usr/bin/sed
configure:4721: checking for grep that handles long lines and -e
configure:4779: result: /usr/bin/grep
configure:4784: checking for egrep
configure:4846: result: /usr/bin/grep -E
configure:4851: checking for fgrep
configure:4913: result: /usr/bin/grep -F
configure:4940: checking how to print strings
configure:4967: result: printf
configure:5000: checking for ld used by gcc
configure:5067: result: /usr/bin/ld
configure:5074: checking if the linker (/usr/bin/ld) is GNU ld
configure:5089: result: yes
configure:5107: checking how to run the C preprocessor
configure:5138: gcc -E  conftest.c
configure:5138: $? = 0
configure:5152: gcc -E  conftest.c
conftest.c:11:10: fatal error: ac_nonexistent.h: No such file or directory
   11 | #include <ac_nonexistent.h>
      |          ^~~~~~~~~~~~~~~~~~
compilation terminated.
configure:5152: $? = 1
configure: failed program was:
| /* confdefs.h */
| #define PACKAGE_NAME "libisal"
| #define PACKAGE_TARNAME "isa-l"
| #define PACKAGE_VERSION "2.30.0"
| #define PACKAGE_STRING "libisal 2.30.0"
| #define PACKAGE_BUGREPORT "sg.support.isal@intel.com"
| #define PACKAGE_URL "http://01.org/storage-acceleration-library"
| #define PACKAGE "isa-l"
| #define VERSION "2.30.0"
| /* end confdefs.h.  */
| #include <ac_nonexistent.h>
configure:5177: result: gcc -E
configure:5197: gcc -E  conftest.c
configure:5197: $? = 0
configure:5211: gcc -E  conftest.c
conftest.c:11:10: fatal error: ac_nonexistent.h: No such file or directory
   11 | #include <ac_nonexistent.h>
      |          ^~~~~~~~~~~~~~~~~~
compilation terminated.
configure:5211: $? = 1
configure: failed program was:
| /* confdefs.h */
| #define PACKAGE_NAME "libisal"
| #define PACKAGE_TARNAME "isa-l"
| #define PACKAGE_VERSION "2.30.0"
| #define PACKAGE_STRING "libisal 2.30.0"
| #define PACKAGE_BUGREPORT "sg.support.isal@intel.com"
| #define PACKAGE_URL "http://01.org/storage-acceleration-library"
| #define PACKAGE "isa-l"
| #define VERSION "2.30.0"
| /* end confdefs.h.  */
| #include <ac_nonexistent.h>
configure:5240: checking for ANSI C header files
configure:5260: gcc -c -g -O2  conftest.c >&5
configure:5260: $? = 0
configure:5333: gcc -o conftest -g -O2   conftest.c  >&5
configure:5333: $? = 0
configure:5333: ./conftest
configure:5333: $? = 0
configure:5344: result: yes
configure:5357: checking for sys/types.h
configure:5357: gcc -c -g -O2  conftest.c >&5
configure:5357: $? = 0
configure:5357: result: yes
configure:5357: checking for sys/stat.h
configure:5357: gcc -c -g -O2  conftest.c >&5
configure:5357: $? = 0
configure:5357: result: yes
configure:5357: checking for stdlib.h
configure:5357: gcc -c -g -O2  conftest.c >&5
configure:5357: $? = 0
configure:5357: result: yes
configure:5357: checking for string.h
configure:5357: gcc -c -g -O2  conftest.c >&5
configure:5357: $? = 0
configure:5357: result: yes
configure:5357: checking for memory.h
configure:5357: gcc -c -g -O2  conftest.c >&5
configure:5357: $? = 0
configure:5357: result: yes
configure:5357: checking for strings.h
configure:5357: gcc -c -g -O2  conftest.c >&5
configure:5357: $? = 0
configure:5357: result: yes
configure:5357: checking for inttypes.h
configure:5357: gcc -c -g -O2  conftest.c >&5
configure:5357: $? = 0
configure:5357: result: yes
configure:5357: checking for stdint.h
configure:5357: gcc -c -g -O2  conftest.c >&5
configure:5357: $? = 0
configure:5357: result: yes
configure:5357: checking for unistd.h
configure:5357: gcc -c -g -O2  conftest.c >&5
configure:5357: $? = 0
configure:5357: result: yes
configure:5370: checking minix/config.h usability
configure:5370: gcc -c -g -O2  conftest.c >&5
conftest.c:54:10: fatal error: minix/config.h: No such file or directory
   54 | #include <minix/config.h>
      |          ^~~~~~~~~~~~~~~~
compilation terminated.
configure:5370: $? = 1
configure: failed program was:
| /* confdefs.h */
| #define PACKAGE_NAME "libisal"
| #define PACKAGE_TARNAME "isa-l"
| #define PACKAGE_VERSION "2.30.0"
| #define PACKAGE_STRING "libisal 2.30.0"
| #define PACKAGE_BUGREPORT "sg.support.isal@intel.com"
| #define PACKAGE_URL "http://01.org/storage-acceleration-library"
| #define PACKAGE "isa-l"
| #define VERSION "2.30.0"
| #define STDC_HEADERS 1
| #define HAVE_SYS_TYPES_H 1
| #define HAVE_SYS_STAT_H 1
| #define HAVE_STDLIB_H 1
| #define HAVE_STRING_H 1
| #define HAVE_MEMORY_H 1
| #define HAVE_STRINGS_H 1
| #define HAVE_INTTYPES_H 1
| #define HAVE_STDINT_H 1
| #define HAVE_UNISTD_H 1
| /* end confdefs.h.  */
| #include <stdio.h>
| #ifdef HAVE_SYS_TYPES_H
| # include <sys/types.h>
| #endif
| #ifdef HAVE_SYS_STAT_H
| # include <sys/stat.h>
| #endif
| #ifdef STDC_HEADERS
| # include <stdlib.h>
| # include <stddef.h>
| #else
| # ifdef HAVE_STDLIB_H
| #  include <stdlib.h>
| # endif
| #endif
| #ifdef HAVE_STRING_H
| # if !defined STDC_HEADERS && defined HAVE_MEMORY_H
| #  include <memory.h>
| # endif
| # include <string.h>
| #endif
| #ifdef HAVE_STRINGS_H
| # include <strings.h>
| #endif
| #ifdef HAVE_INTTYPES_H
| # include <inttypes.h>
| #endif
| #ifdef HAVE_STDINT_H
| # include <stdint.h>
| #endif
| #ifdef HAVE_UNISTD_H
| # include <unistd.h>
| #endif
| #include <minix/config.h>
configure:5370: result: no
configure:5370: checking minix/config.h presence
configure:5370: gcc -E  conftest.c
conftest.c:21:10: fatal error: minix/config.h: No such file or directory
   21 | #include <minix/config.h>
      |          ^~~~~~~~~~~~~~~~
compilation terminated.
configure:5370: $? = 1
configure: failed program was:
| /* confdefs.h */
| #define PACKAGE_NAME "libisal"
| #define PACKAGE_TARNAME "isa-l"
| #define PACKAGE_VERSION "2.30.0"
| #define PACKAGE_STRING "libisal 2.30.0"
| #define PACKAGE_BUGREPORT "sg.support.isal@intel.com"
| #define PACKAGE_URL "http://01.org/storage-acceleration-library"
| #define PACKAGE "isa-l"
| #define VERSION "2.30.0"
| #define STDC_HEADERS 1
| #define HAVE_SYS_TYPES_H 1
| #define HAVE_SYS_STAT_H 1
| #define HAVE_STDLIB_H 1
| #define HAVE_STRING_H 1
| #define HAVE_MEMORY_H 1
| #define HAVE_STRINGS_H 1
| #define HAVE_INTTYPES_H 1
| #define HAVE_STDINT_H 1
| #define HAVE_UNISTD_H 1
| /* end confdefs.h.  */
| #include <minix/config.h>
configure:5370: result: no
configure:5370: checking for minix/config.h
configure:5370: result: no
configure:5391: checking whether it is safe to define __EXTENSIONS__
configure:5409: gcc -c -g -O2  conftest.c >&5
configure:5409: $? = 0
configure:5416: result: yes
configure:5441: checking whether make supports nested variables
configure:5458: result: yes
configure:5511: checking for BSD- or MS-compatible name lister (nm)
configure:5565: result: /usr/bin/nm -B
configure:5695: checking the name lister (/usr/bin/nm -B) interface
configure:5702: gcc -c -g -O2  conftest.c >&5
configure:5705: /usr/bin/nm -B "conftest.o"
configure:5708: output
0000000000000000 B some_variable
configure:5709: result: BSD nm
configure:5712: checking whether ln -s works
configure:5716: result: yes
configure:5724: checking the maximum length of command line arguments
configure:5855: result: 1572864
configure:5903: checking how to convert x86_64-pc-linux-gnu file names to x86_64-pc-linux-gnu format
configure:5943: result: func_convert_file_noop
configure:5950: checking how to convert x86_64-pc-linux-gnu file names to toolchain format
configure:5970: result: func_convert_file_noop
configure:5977: checking for /usr/bin/ld option to reload object files
configure:5984: result: -r
configure:6058: checking for objdump
configure:6074: found /usr/bin/objdump
configure:6085: result: objdump
configure:6117: checking how to recognize dependent libraries
configure:6317: result: pass_all
configure:6402: checking for dlltool
configure:6432: result: no
configure:6462: checking how to associate runtime and link libraries
configure:6489: result: printf %s\n
configure:6549: checking for ar
configure:6565: found /usr/bin/ar
configure:6576: result: ar
configure:6613: checking for archiver @FILE support
configure:6630: gcc -c -g -O2  conftest.c >&5
configure:6630: $? = 0
configure:6633: ar cr libconftest.a @conftest.lst >&5
configure:6636: $? = 0
configure:6641: ar cr libconftest.a @conftest.lst >&5
ar: conftest.o: No such file or directory
configure:6644: $? = 1
configure:6643: result: @
configure:6701: checking for strip
configure:6717: found /usr/bin/strip
configure:6728: result: strip
configure:6800: checking for ranlib
configure:6816: found /usr/bin/ranlib
configure:6827: result: ranlib
configure:6929: checking command to parse /usr/bin/nm -B output from gcc object
configure:7082: gcc -c -g -O2  conftest.c >&5
configure:7085: $? = 0
configure:7089: /usr/bin/nm -B conftest.o | sed -n -e 's/^.*[	 ]\([ABCDGIRSTW][ABCDGIRSTW]*\)[	 ][	 ]*\([_A-Za-z][_A-Za-z0-9]*\)$/\1 \2 \2/p' | sed '/ __gnu_lto/d' > conftest.nm
configure:7155: gcc -o conftest -g -O2   conftest.c conftstm.o >&5
configure:7158: $? = 0
configure:7196: result: ok
configure:7243: checking for sysroot
configure:7273: result: no
configure:7280: checking for a working dd
configure:7318: result: /usr/bin/dd
configure:7322: checking how to truncate binary pipes
configure:7337: result: /usr/bin/dd bs=4096 count=1
configure:7473: gcc -c -g -O2  conftest.c >&5
configure:7476: $? = 0
configure:7666: checking for mt
configure:7682: found /usr/bin/mt
configure:7693: result: mt
configure:7716: checking if mt is a manifest tool
configure:7722: mt '-?'
configure:7730: result: no
configure:8404: checking for dlfcn.h
configure:8404: gcc -c -g -O2  conftest.c >&5
configure:8404: $? = 0
configure:8404: result: yes
configure:8660: checking for objdir
configure:8675: result: .libs
configure:8935: checking if gcc supports -fno-rtti -fno-exceptions
configure:8953: gcc -c -g -O2  -fno-rtti -fno-exceptions conftest.c >&5
cc1: warning: command line option '-fno-rtti' is valid for C++/D/ObjC++ but not for C
configure:8957: $? = 0
configure:8970: result: no
configure:9334: checking for gcc option to produce PIC
configure:9341: result: -fPIC -DPIC
configure:9349: checking if gcc PIC flag -fPIC -DPIC works
configure:9367: gcc -c -g -O2  -fPIC -DPIC -DPIC conftest.c >&5
configure:9371: $? = 0
configure:9384: result: yes
configure:9413: checking if gcc static flag -static works
configure:9441: result: yes
configure:9456: checking if gcc supports -c -o file.o
configure:9477: gcc -c -g -O2  -o out/conftest2.o conftest.c >&5
configure:9481: $? = 0
configure:9503: result: yes
configure:9511: checking if gcc supports -c -o file.o
configure:9558: result: yes
configure:9591: checking whether the gcc linker (/usr/bin/ld -m elf_x86_64) supports shared libraries
configure:10854: result: yes
configure:10891: checking whether -lc should be explicitly linked in
configure:10899: gcc -c -g -O2  conftest.c >&5
configure:10902: $? = 0
configure:10917: gcc -shared  -fPIC -DPIC conftest.o  -v -Wl,-soname -Wl,conftest -o conftest 2\>\&1 \| /usr/bin/grep  -lc  \>/dev/null 2\>\&1
configure:10920: $? = 0
configure:10934: result: no
configure:11094: checking dynamic linker characteristics
configure:11675: gcc -o conftest -g -O2   -Wl,-rpath -Wl,/foo conftest.c  >&5
configure:11675: $? = 0
configure:11924: result: GNU/Linux ld.so
configure:12046: checking how to hardcode library paths into programs
configure:12071: result: immediate
configure:12619: checking whether stripping libraries is possible
configure:12624: result: yes
configure:12659: checking if libtool supports shared libraries
configure:12661: result: yes
configure:12664: checking whether to build shared libraries
configure:12689: result: yes
configure:12692: checking whether to build static libraries
configure:12696: result: yes
configure:9510: checking for a sed that does not truncate output
configure:9574: result: /usr/bin/sed
configure:9599: checking whether Intel CET is enabled
configure:9615: gcc -c -g -O2  conftest.c >&5
configure:9615: $? = 0
configure:9616: result: yes
configure:9633: checking for yasm
configure:9649: found /usr/local/bin/yasm
configure:9661: result: yes
configure:9676: checking for modern yasm
configure:9683: result: yes
configure:9692: checking for optional yasm AVX512 support
configure:9703: result: no
configure:9729: checking for nasm
configure:9757: result: no
configure:9768: result: no nasm
configure:9964: result: Assembler does not understand AVX512 opcodes.  Consider upgrading for best performance.
configure:10001: result: Using yasm args target "linux" "-f elf64"
configure:10052: checking limits.h usability
configure:10052: gcc -c -g -O2  conftest.c >&5
configure:10052: $? = 0
configure:10052: result: yes
configure:10052: checking limits.h presence
configure:10052: gcc -E  conftest.c
configure:10052: $? = 0
configure:10052: result: yes
configure:10052: checking for limits.h
configure:10052: result: yes
configure:10052: checking for stdint.h
configure:10052: result: yes
configure:10052: checking for stdlib.h
configure:10052: result: yes
configure:10052: checking for string.h
configure:10052: result: yes
configure:10064: checking for inline
configure:10080: gcc -c -g -O2  conftest.c >&5
configure:10080: $? = 0
configure:10088: result: inline
configure:10106: checking for size_t
configure:10106: gcc -c -g -O2  conftest.c >&5
configure:10106: $? = 0
configure:10106: gcc -c -g -O2  conftest.c >&5
conftest.c: In function 'main':
conftest.c:69:21: error: expected expression before ')' token
   69 | if (sizeof ((size_t)))
      |                     ^
configure:10106: $? = 1
configure: failed program was:
| /* confdefs.h */
| #define PACKAGE_NAME "libisal"
| #define PACKAGE_TARNAME "isa-l"
| #define PACKAGE_VERSION "2.30.0"
| #define PACKAGE_STRING "libisal 2.30.0"
| #define PACKAGE_BUGREPORT "sg.support.isal@intel.com"
| #define PACKAGE_URL "http://01.org/storage-acceleration-library"
| #define PACKAGE "isa-l"
| #define VERSION "2.30.0"
| #define STDC_HEADERS 1
| #define HAVE_SYS_TYPES_H 1
| #define HAVE_SYS_STAT_H 1
| #define HAVE_STDLIB_H 1
| #define HAVE_STRING_H 1
| #define HAVE_MEMORY_H 1
| #define HAVE_STRINGS_H 1
| #define HAVE_INTTYPES_H 1
| #define HAVE_STDINT_H 1
| #define HAVE_UNISTD_H 1
| #define __EXTENSIONS__ 1
| #define _ALL_SOURCE 1
| #define _GNU_SOURCE 1
| #define _POSIX_PTHREAD_SEMANTICS 1
| #define _TANDEM_SOURCE 1
| #define HAVE_DLFCN_H 1
| #define LT_OBJDIR ".libs/"
| #define AS_FEATURE_LEVEL 4
| #define HAVE_LIMITS_H 1
| #define HAVE_STDINT_H 1
| #define HAVE_STDLIB_H 1
| #define HAVE_STRING_H 1
| /* end confdefs.h.  */
| #include <stdio.h>
| #ifdef HAVE_SYS_TYPES_H
| # include <sys/types.h>
| #endif
| #ifdef HAVE_SYS_STAT_H
| # include <sys/stat.h>
| #endif
| #ifdef STDC_HEADERS
| # include <stdlib.h>
| # include <stddef.h>
| #else
| # ifdef HAVE_STDLIB_H
| #  include <stdlib.h>
| # endif
| #endif
| #ifdef HAVE_STRING_H
| # if !defined STDC_HEADERS && defined HAVE_MEMORY_H
| #  include <memory.h>
| # endif
| # include <string.h>
| #endif
| #ifdef HAVE_STRINGS_H
| # include <strings.h>
| #endif
| #ifdef HAVE_INTTYPES_H
| # include <inttypes.h>
| #endif
| #ifdef HAVE_STDINT_H
| # include <stdint.h>
| #endif
| #ifdef HAVE_UNISTD_H
| # include <unistd.h>
| #endif
| int
| main ()
| {
| if (sizeof ((size_t)))
| 	    return 0;
|   ;
|   return 0;
| }
configure:10106: result: yes
configure:10117: checking for uint16_t
configure:10117: gcc -c -g -O2  conftest.c >&5
configure:10117: $? = 0
configure:10117: result: yes
configure:10129: checking for uint32_t
configure:10129: gcc -c -g -O2  conftest.c >&5
configure:10129: $? = 0
configure:10129: result: yes
configure:10143: checking for uint64_t
configure:10143: gcc -c -g -O2  conftest.c >&5
configure:10143: $? = 0
configure:10143: result: yes
configure:10157: checking for uint8_t
configure:10157: gcc -c -g -O2  conftest.c >&5
configure:10157: $? = 0
configure:10157: result: yes
configure:10175: checking for stdlib.h
configure:10175: result: yes
configure:10185: checking for GNU libc compatible malloc
configure:10209: gcc -o conftest -g -O2   conftest.c  >&5
configure:10209: $? = 0
configure:10209: ./conftest
configure:10209: $? = 0
configure:10219: result: yes
configure:10243: checking for memmove
configure:10243: gcc -o conftest -g -O2   conftest.c  >&5
conftest.c:58:6: warning: conflicting types for built-in function 'memmove'; expected 'void *(void *, const void *, long unsigned int)' [-Wbuiltin-declaration-mismatch]
   58 | char memmove ();
      |      ^~~~~~~
conftest.c:46:1: note: 'memmove' is declared in header '<string.h>'
   45 | # include <limits.h>
   46 | #else
configure:10243: $? = 0
configure:10243: result: yes
configure:10243: checking for memset
configure:10243: gcc -o conftest -g -O2   conftest.c  >&5
conftest.c:59:6: warning: conflicting types for built-in function 'memset'; expected 'void *(void *, int,  long unsigned int)' [-Wbuiltin-declaration-mismatch]
   59 | char memset ();
      |      ^~~~~~
conftest.c:47:1: note: 'memset' is declared in header '<string.h>'
   46 | # include <limits.h>
   47 | #else
configure:10243: $? = 0
configure:10243: result: yes
configure:10243: checking for getopt
configure:10243: gcc -o conftest -g -O2   conftest.c  >&5
configure:10243: $? = 0
configure:10243: result: yes
configure:10405: checking that generated files are newer than configure
configure:10411: result: done
configure:10494: creating ./config.status

## ---------------------- ##
## Running config.status. ##
## ---------------------- ##

This file was extended by libisal config.status 2.30.0, which was
generated by GNU Autoconf 2.69.  Invocation command line was

  CONFIG_FILES    = 
  CONFIG_HEADERS  = 
  CONFIG_LINKS    = 
  CONFIG_COMMANDS = 
  $ ./config.status 

on sl-System-Product-Name

config.status:1037: creating Makefile
config.status:1037: creating libisal.pc
config.status:1209: executing depfiles commands
config.status:1286: cd .       && sed -e '/# am--include-marker/d' Makefile         | make -f - am--depfiles
config.status:1291: $? = 0
config.status:1209: executing libtool commands
configure:12466: result:
        isa-l 2.30.0
        =====

        prefix:                 /usr
        sysconfdir:             ${prefix}/etc
        libdir:                 ${exec_prefix}/lib
        includedir:             ${prefix}/include

        compiler:               gcc
        cflags:                 -g -O2
        ldflags:                

        debug:                  no


## ---------------- ##
## Cache variables. ##
## ---------------- ##

ac_cv_build=x86_64-pc-linux-gnu
ac_cv_c_compiler_gnu=yes
ac_cv_c_inline=inline
ac_cv_c_uint16_t=yes
ac_cv_c_uint32_t=yes
ac_cv_c_uint64_t=yes
ac_cv_c_uint8_t=yes
ac_cv_env_CCASFLAGS_set=
ac_cv_env_CCASFLAGS_value=
ac_cv_env_CCAS_set=
ac_cv_env_CCAS_value=
ac_cv_env_CC_set=
ac_cv_env_CC_value=
ac_cv_env_CFLAGS_set=
ac_cv_env_CFLAGS_value=
ac_cv_env_CPPFLAGS_set=
ac_cv_env_CPPFLAGS_value=
ac_cv_env_CPP_set=
ac_cv_env_CPP_value=
ac_cv_env_LDFLAGS_set=
ac_cv_env_LDFLAGS_value=
ac_cv_env_LIBS_set=
ac_cv_env_LIBS_value=
ac_cv_env_LT_SYS_LIBRARY_PATH_set=
ac_cv_env_LT_SYS_LIBRARY_PATH_value=
ac_cv_env_build_alias_set=
ac_cv_env_build_alias_value=
ac_cv_env_host_alias_set=
ac_cv_env_host_alias_value=
ac_cv_env_target_alias_set=
ac_cv_env_target_alias_value=
ac_cv_func_getopt=yes
ac_cv_func_malloc_0_nonnull=yes
ac_cv_func_memmove=yes
ac_cv_func_memset=yes
ac_cv_header_dlfcn_h=yes
ac_cv_header_inttypes_h=yes
ac_cv_header_limits_h=yes
ac_cv_header_memory_h=yes
ac_cv_header_minix_config_h=no
ac_cv_header_stdc=yes
ac_cv_header_stdint_h=yes
ac_cv_header_stdlib_h=yes
ac_cv_header_string_h=yes
ac_cv_header_strings_h=yes
ac_cv_header_sys_stat_h=yes
ac_cv_header_sys_types_h=yes
ac_cv_header_unistd_h=yes
ac_cv_host=x86_64-pc-linux-gnu
ac_cv_objext=o
ac_cv_path_EGREP='/usr/bin/grep -E'
ac_cv_path_FGREP='/usr/bin/grep -F'
ac_cv_path_GREP=/usr/bin/grep
ac_cv_path_SED=/usr/bin/sed
ac_cv_path_install='/usr/bin/install -c'
ac_cv_path_lt_DD=/usr/bin/dd
ac_cv_path_mkdir=/usr/bin/mkdir
ac_cv_prog_AWK=mawk
ac_cv_prog_CPP='gcc -E'
ac_cv_prog_HAVE_NASM=no
ac_cv_prog_HAVE_YASM=yes
ac_cv_prog_ac_ct_AR=ar
ac_cv_prog_ac_ct_CC=gcc
ac_cv_prog_ac_ct_MANIFEST_TOOL=mt
ac_cv_prog_ac_ct_OBJDUMP=objdump
ac_cv_prog_ac_ct_RANLIB=ranlib
ac_cv_prog_ac_ct_STRIP=strip
ac_cv_prog_cc_c89=
ac_cv_prog_cc_c99=
ac_cv_prog_cc_g=yes
ac_cv_prog_cc_stdc=
ac_cv_prog_make_make_set=yes
ac_cv_safe_to_define___extensions__=yes
ac_cv_type_size_t=yes
am_cv_CCAS_dependencies_compiler_type=gcc3
am_cv_CC_dependencies_compiler_type=gcc3
am_cv_make_support_nested_variables=yes
am_cv_prog_cc_c_o=yes
am_cv_prog_tar_pax=gnutar
lt_cv_ar_at_file=@
lt_cv_archive_cmds_need_lc=no
lt_cv_deplibs_check_method=pass_all
lt_cv_file_magic_cmd='$MAGIC_CMD'
lt_cv_file_magic_test_file=
lt_cv_ld_reload_flag=-r
lt_cv_nm_interface='BSD nm'
lt_cv_objdir=.libs
lt_cv_path_LD=/usr/bin/ld
lt_cv_path_NM='/usr/bin/nm -B'
lt_cv_path_mainfest_tool=no
lt_cv_prog_compiler_c_o=yes
lt_cv_prog_compiler_pic='-fPIC -DPIC'
lt_cv_prog_compiler_pic_works=yes
lt_cv_prog_compiler_rtti_exceptions=no
lt_cv_prog_compiler_static_works=yes
lt_cv_prog_gnu_ld=yes
lt_cv_sharedlib_from_linklib_cmd='printf %s\n'
lt_cv_shlibpath_overrides_runpath=yes
lt_cv_sys_global_symbol_pipe='sed -n -e '\''s/^.*[	 ]\([ABCDGIRSTW][ABCDGIRSTW]*\)[	 ][	 ]*\([_A-Za-z][_A-Za-z0-9]*\)$/\1 \2 \2/p'\'' | sed '\''/ __gnu_lto/d'\'''
lt_cv_sys_global_symbol_to_c_name_address='sed -n -e '\''s/^: \(.*\) .*$/  {"\1", (void *) 0},/p'\'' -e '\''s/^[ABCDGIRSTW][ABCDGIRSTW]* .* \(.*\)$/  {"\1", (void *) \&\1},/p'\'''
lt_cv_sys_global_symbol_to_c_name_address_lib_prefix='sed -n -e '\''s/^: \(.*\) .*$/  {"\1", (void *) 0},/p'\'' -e '\''s/^[ABCDGIRSTW][ABCDGIRSTW]* .* \(lib.*\)$/  {"\1", (void *) \&\1},/p'\'' -e '\''s/^[ABCDGIRSTW][ABCDGIRSTW]* .* \(.*\)$/  {"lib\1", (void *) \&\1},/p'\'''
lt_cv_sys_global_symbol_to_cdecl='sed -n -e '\''s/^T .* \(.*\)$/extern int \1();/p'\'' -e '\''s/^[ABCDGIRSTW][ABCDGIRSTW]* .* \(.*\)$/extern char \1;/p'\'''
lt_cv_sys_global_symbol_to_import=
lt_cv_sys_max_cmd_len=1572864
lt_cv_to_host_file_cmd=func_convert_file_noop
lt_cv_to_tool_file_cmd=func_convert_file_noop
lt_cv_truncate_bin='/usr/bin/dd bs=4096 count=1'

## ----------------- ##
## Output variables. ##
## ----------------- ##

ACLOCAL='${SHELL} /home/lzx/plog/lib/isa-l/build-aux/missing aclocal-1.16'
AMDEPBACKSLASH='\'
AMDEP_FALSE='#'
AMDEP_TRUE=''
AMTAR='$${TAR-tar}'
AM_BACKSLASH='\'
AM_DEFAULT_V='$(AM_DEFAULT_VERBOSITY)'
AM_DEFAULT_VERBOSITY='0'
AM_V='$(V)'
AR='ar'
AUTOCONF='${SHELL} /home/lzx/plog/lib/isa-l/build-aux/missing autoconf'
AUTOHEADER='${SHELL} /home/lzx/plog/lib/isa-l/build-aux/missing autoheader'
AUTOMAKE='${SHELL} /home/lzx/plog/lib/isa-l/build-aux/missing automake-1.16'
AWK='mawk'
CC='gcc'
CCAS='gcc'
CCASDEPMODE='depmode=gcc3'
CCASFLAGS='-g -O2'
CCDEPMODE='depmode=gcc3'
CFLAGS='-g -O2'
CPP='gcc -E'
CPPFLAGS=''
CPU_AARCH64_FALSE=''
CPU_AARCH64_TRUE='#'
CPU_PPC64LE_FALSE=''
CPU_PPC64LE_TRUE='#'
CPU_UNDEFINED_FALSE=''
CPU_UNDEFINED_TRUE='#'
CPU_X86_32_FALSE=''
CPU_X86_32_TRUE='#'
CPU_X86_64_FALSE='#'
CPU_X86_64_TRUE=''
CYGPATH_W='echo'
DARWIN_FALSE=''
DARWIN_TRUE='#'
DEFS='-DPACKAGE_NAME=\"libisal\" -DPACKAGE_TARNAME=\"isa-l\" -DPACKAGE_VERSION=\"2.30.0\" -DPACKAGE_STRING=\"libisal\ 2.30.0\" -DPACKAGE_BUGREPORT=\"sg.support.isal@intel.com\" -DPACKAGE_URL=\"http://01.org/storage-acceleration-library\" -DPACKAGE=\"isa-l\" -DVERSION=\"2.30.0\" -DSTDC_HEADERS=1 -DHAVE_SYS_TYPES_H=1 -DHAVE_SYS_STAT_H=1 -DHAVE_STDLIB_H=1 -DHAVE_STRING_H=1 -DHAVE_MEMORY_H=1 -DHAVE_STRINGS_H=1 -DHAVE_INTTYPES_H=1 -DHAVE_STDINT_H=1 -DHAVE_UNISTD_H=1 -D__EXTENSIONS__=1 -D_ALL_SOURCE=1 -D_GNU_SOURCE=1 -D_POSIX_PTHREAD_SEMANTICS=1 -D_TANDEM_SOURCE=1 -DHAVE_DLFCN_H=1 -DLT_OBJDIR=\".libs/\" -DAS_FEATURE_LEVEL=4 -DHAVE_LIMITS_H=1 -DHAVE_STDINT_H=1 -DHAVE_STDLIB_H=1 -DHAVE_STRING_H=1 -DHAVE_STDLIB_H=1 -DHAVE_MALLOC=1 -DHAVE_MEMMOVE=1 -DHAVE_MEMSET=1 -DHAVE_GETOPT=1'
DEPDIR='.deps'
DLLTOOL='false'
DSYMUTIL=''
DUMPBIN=''
ECHO_C=''
ECHO_N='-n'
ECHO_T=''
EGREP='/usr/bin/grep -E'
EXEEXT=''
FGREP='/usr/bin/grep -F'
GREP='/usr/bin/grep'
HAVE_AS=''
HAVE_NASM='no'
HAVE_YASM='yes'
INSTALL_DATA='${INSTALL} -m 644'
INSTALL_PROGRAM='${INSTALL}'
INSTALL_SCRIPT='${INSTALL}'
INSTALL_STRIP_PROGRAM='$(install_sh) -c -s'
INTEL_CET_ENABLED_FALSE='#'
INTEL_CET_ENABLED_TRUE=''
LD='/usr/bin/ld -m elf_x86_64'
LDFLAGS=''
LIBOBJS=''
LIBS=''
LIBTOOL='$(SHELL) $(top_builddir)/libtool'
LIPO=''
LN_S='ln -s'
LTLIBOBJS=''
LT_SYS_LIBRARY_PATH=''
MAKEINFO='${SHELL} /home/lzx/plog/lib/isa-l/build-aux/missing makeinfo'
MANIFEST_TOOL=':'
MKDIR_P='/usr/bin/mkdir -p'
NM='/usr/bin/nm -B'
NMEDIT=''
OBJDUMP='objdump'
OBJEXT='o'
OTOOL64=''
OTOOL=''
PACKAGE='isa-l'
PACKAGE_BUGREPORT='sg.support.isal@intel.com'
PACKAGE_NAME='libisal'
PACKAGE_STRING='libisal 2.30.0'
PACKAGE_TARNAME='isa-l'
PACKAGE_URL='http://01.org/storage-acceleration-library'
PACKAGE_VERSION='2.30.0'
PATH_SEPARATOR=':'
RANLIB='ranlib'
SED='/usr/bin/sed'
SET_MAKE=''
SHELL='/bin/bash'
STRIP='strip'
USE_NASM_FALSE=''
USE_NASM_TRUE='#'
USE_YASM_FALSE='#'
USE_YASM_TRUE=''
VERSION='2.30.0'
WITH_AVX512_FALSE=''
WITH_AVX512_TRUE='#'
ac_ct_AR='ar'
ac_ct_CC='gcc'
ac_ct_DUMPBIN=''
am__EXEEXT_FALSE=''
am__EXEEXT_TRUE='#'
am__fastdepCCAS_FALSE='#'
am__fastdepCCAS_TRUE=''
am__fastdepCC_FALSE='#'
am__fastdepCC_TRUE=''
am__include='include'
am__isrc=''
am__leading_dot='.'
am__nodep='_no'
am__quote=''
am__tar='tar --format=posix -chf - "$$tardir"'
am__untar='tar -xf -'
bindir='${exec_prefix}/bin'
build='x86_64-pc-linux-gnu'
build_alias=''
build_cpu='x86_64'
build_os='linux-gnu'
build_vendor='pc'
datadir='${datarootdir}'
datarootdir='${prefix}/share'
docdir='${datarootdir}/doc/${PACKAGE_TARNAME}'
dvidir='${docdir}'
exec_prefix='${prefix}'
host='x86_64-pc-linux-gnu'
host_alias=''
host_cpu='x86_64'
host_os='linux-gnu'
host_vendor='pc'
htmldir='${docdir}'
includedir='${prefix}/include'
infodir='${datarootdir}/info'
install_sh='${SHELL} /home/lzx/plog/lib/isa-l/build-aux/install-sh'
libdir='${exec_prefix}/lib'
libexecdir='${exec_prefix}/libexec'
localedir='${datarootdir}/locale'
localstatedir='${prefix}/var'
mandir='${datarootdir}/man'
mkdir_p='$(MKDIR_P)'
my_CFLAGS='-Wall -Wchar-subscripts -Wformat-security -Wnested-externs -Wpointer-arith -Wshadow -Wstrict-prototypes -Wtype-limits '
oldincludedir='/usr/include'
pdfdir='${docdir}'
prefix='/usr'
program_transform_name='s,x,x,'
psdir='${docdir}'
runstatedir='${localstatedir}/run'
sbindir='${exec_prefix}/sbin'
sharedstatedir='${prefix}/com'
sysconfdir='${prefix}/etc'
target_alias=''
yasm_args='-f elf64'

## ----------- ##
## confdefs.h. ##
## ----------- ##

/* confdefs.h */
#define PACKAGE_NAME "libisal"
#define PACKAGE_TARNAME "isa-l"
#define PACKAGE_VERSION "2.30.0"
#define PACKAGE_STRING "libisal 2.30.0"
#define PACKAGE_BUGREPORT "sg.support.isal@intel.com"
#define PACKAGE_URL "http://01.org/storage-acceleration-library"
#define PACKAGE "isa-l"
#define VERSION "2.30.0"
#define STDC_HEADERS 1
#define HAVE_SYS_TYPES_H 1
#define HAVE_SYS_STAT_H 1
#define HAVE_STDLIB_H 1
#define HAVE_STRING_H 1
#define HAVE_MEMORY_H 1
#define HAVE_STRINGS_H 1
#define HAVE_INTTYPES_H 1
#define HAVE_STDINT_H 1
#define HAVE_UNISTD_H 1
#define __EXTENSIONS__ 1
#define _ALL_SOURCE 1
#define _GNU_SOURCE 1
#define _POSIX_PTHREAD_SEMANTICS 1
#define _TANDEM_SOURCE 1
#define HAVE_DLFCN_H 1
#define LT_OBJDIR ".libs/"
#define AS_FEATURE_LEVEL 4
#define HAVE_LIMITS_H 1
#define HAVE_STDINT_H 1
#define HAVE_STDLIB_H 1
#define HAVE_STRING_H 1
#define HAVE_STDLIB_H 1
#define HAVE_MALLOC 1
#define HAVE_MEMMOVE 1
#define HAVE_MEMSET 1
#define HAVE_GETOPT 1

configure: exit 0
